{"C:\\Users\\Claudiu-PC\\Documents\\GitHub\\proiect-inginerie-software-blonde-bears\\frontend\\src\\app\\components\\check-in\\check-in.component.ts": {"path":"C:\\Users\\Claudiu-PC\\Documents\\GitHub\\proiect-inginerie-software-blonde-bears\\frontend\\src\\app\\components\\check-in\\check-in.component.ts","statementMap":{"0":{"start":{"line":1,"column":0},"end":{"line":1,"column":70}},"1":{"start":{"line":2,"column":0},"end":{"line":2,"column":58}},"2":{"start":{"line":3,"column":0},"end":{"line":3,"column":39}},"3":{"start":{"line":5,"column":0},"end":{"line":5,"column":67}},"4":{"start":{"line":6,"column":0},"end":{"line":6,"column":41}},"5":{"start":{"line":8,"column":0},"end":{"line":8,"column":54}},"6":{"start":{"line":32,"column":12},"end":{"line":32,"column":38}},"7":{"start":{"line":33,"column":12},"end":{"line":33,"column":33}},"8":{"start":{"line":34,"column":12},"end":{"line":34,"column":34}},"9":{"start":{"line":19,"column":31},"end":{"line":19,"column":null}},"10":{"start":{"line":21,"column":2},"end":{"line":21,"column":19}},"11":{"start":{"line":22,"column":2},"end":{"line":22,"column":31}},"12":{"start":{"line":24,"column":2},"end":{"line":27,"column":5}},"13":{"start":{"line":37,"column":12},"end":{"line":37,"column":null}},"14":{"start":{"line":40,"column":17},"end":{"line":40,"column":38}},"15":{"start":{"line":42,"column":4},"end":{"line":66,"column":null}},"16":{"start":{"line":43,"column":6},"end":{"line":64,"column":9}},"17":{"start":{"line":44,"column":23},"end":{"line":44,"column":43}},"18":{"start":{"line":45,"column":24},"end":{"line":45,"column":45}},"19":{"start":{"line":47,"column":40},"end":{"line":52,"column":10}},"20":{"start":{"line":53,"column":8},"end":{"line":53,"column":32}},"21":{"start":{"line":54,"column":8},"end":{"line":54,"column":57}},"22":{"start":{"line":55,"column":8},"end":{"line":55,"column":29}},"23":{"start":{"line":56,"column":8},"end":{"line":56,"column":42}},"24":{"start":{"line":57,"column":8},"end":{"line":57,"column":39}},"25":{"start":{"line":58,"column":8},"end":{"line":63,"column":11}},"26":{"start":{"line":59,"column":10},"end":{"line":59,"column":54}},"27":{"start":{"line":60,"column":10},"end":{"line":60,"column":134}},"28":{"start":{"line":61,"column":10},"end":{"line":61,"column":33}},"29":{"start":{"line":62,"column":10},"end":{"line":62,"column":40}},"30":{"start":{"line":17,"column":13},"end":{"line":71,"column":null}},"31":{"start":{"line":17,"column":13},"end":{"line":17,"column":29}}},"fnMap":{"0":{"name":"(anonymous_0)","decl":{"start":{"line":31,"column":2},"end":{"line":31,"column":null}},"loc":{"start":{"line":34,"column":34},"end":{"line":35,"column":6}}},"1":{"name":"(anonymous_1)","decl":{"start":{"line":29,"column":2},"end":{"line":29,"column":10}},"loc":{"start":{"line":29,"column":10},"end":{"line":29,"column":22}}},"2":{"name":"(anonymous_2)","decl":{"start":{"line":39,"column":9},"end":{"line":39,"column":16}},"loc":{"start":{"line":39,"column":16},"end":{"line":67,"column":3}}},"3":{"name":"(anonymous_3)","decl":{"start":{"line":43,"column":47},"end":{"line":43,"column":51}},"loc":{"start":{"line":43,"column":54},"end":{"line":64,"column":7}}},"4":{"name":"(anonymous_4)","decl":{"start":{"line":58,"column":63},"end":{"line":58,"column":66}},"loc":{"start":{"line":58,"column":68},"end":{"line":63,"column":9}}}},"branchMap":{"0":{"loc":{"start":{"line":42,"column":4},"end":{"line":66,"column":null}},"type":"if","locations":[{"start":{"line":42,"column":4},"end":{"line":66,"column":null}}]}},"s":{"0":1,"1":1,"2":1,"3":1,"4":1,"5":1,"6":2,"7":2,"8":2,"9":2,"10":2,"11":2,"12":2,"13":2,"14":0,"15":0,"16":0,"17":0,"18":0,"19":0,"20":0,"21":0,"22":0,"23":0,"24":0,"25":0,"26":0,"27":0,"28":0,"29":0,"30":1,"31":1},"f":{"0":2,"1":0,"2":0,"3":0,"4":0},"b":{"0":[0]}}
,"C:\\Users\\Claudiu-PC\\Documents\\GitHub\\proiect-inginerie-software-blonde-bears\\frontend\\src\\app\\components\\friend-list-item\\friend-list-item.component.ts": {"path":"C:\\Users\\Claudiu-PC\\Documents\\GitHub\\proiect-inginerie-software-blonde-bears\\frontend\\src\\app\\components\\friend-list-item\\friend-list-item.component.ts","statementMap":{"0":{"start":{"line":1,"column":0},"end":{"line":1,"column":77}},"1":{"start":{"line":4,"column":0},"end":{"line":4,"column":58}},"2":{"start":{"line":5,"column":0},"end":{"line":5,"column":54}},"3":{"start":{"line":6,"column":0},"end":{"line":6,"column":41}},"4":{"start":{"line":23,"column":22},"end":{"line":23,"column":48}},"5":{"start":{"line":23,"column":58},"end":{"line":23,"column":80}},"6":{"start":{"line":23,"column":90},"end":{"line":23,"column":117}},"7":{"start":{"line":15,"column":11},"end":{"line":15,"column":null}},"8":{"start":{"line":16,"column":11},"end":{"line":16,"column":null}},"9":{"start":{"line":17,"column":12},"end":{"line":17,"column":null}},"10":{"start":{"line":18,"column":12},"end":{"line":18,"column":null}},"11":{"start":{"line":49,"column":2},"end":{"line":49,"column":31}},"12":{"start":{"line":51,"column":2},"end":{"line":61,"column":4}},"13":{"start":{"line":27,"column":4},"end":{"line":38,"column":null}},"14":{"start":{"line":29,"column":8},"end":{"line":32,"column":11}},"15":{"start":{"line":35,"column":8},"end":{"line":35,"column":25}},"16":{"start":{"line":36,"column":8},"end":{"line":36,"column":27}},"17":{"start":{"line":42,"column":4},"end":{"line":46,"column":null}},"18":{"start":{"line":43,"column":6},"end":{"line":43,"column":22}},"19":{"start":{"line":45,"column":6},"end":{"line":45,"column":20}},"20":{"start":{"line":64,"column":4},"end":{"line":74,"column":7}},"21":{"start":{"line":66,"column":8},"end":{"line":66,"column":41}},"22":{"start":{"line":67,"column":8},"end":{"line":67,"column":43}},"23":{"start":{"line":68,"column":8},"end":{"line":68,"column":37}},"24":{"start":{"line":71,"column":8},"end":{"line":71,"column":25}},"25":{"start":{"line":72,"column":8},"end":{"line":72,"column":null}},"26":{"start":{"line":79,"column":4},"end":{"line":87,"column":7}},"27":{"start":{"line":81,"column":8},"end":{"line":81,"column":43}},"28":{"start":{"line":84,"column":8},"end":{"line":84,"column":25}},"29":{"start":{"line":85,"column":8},"end":{"line":85,"column":null}},"30":{"start":{"line":92,"column":4},"end":{"line":109,"column":7}},"31":{"start":{"line":93,"column":6},"end":{"line":93,"column":28}},"32":{"start":{"line":94,"column":6},"end":{"line":108,"column":8}},"33":{"start":{"line":95,"column":10},"end":{"line":106,"column":null}},"34":{"start":{"line":97,"column":12},"end":{"line":97,"column":36}},"35":{"start":{"line":99,"column":12},"end":{"line":99,"column":75}},"36":{"start":{"line":101,"column":12},"end":{"line":101,"column":77}},"37":{"start":{"line":103,"column":12},"end":{"line":103,"column":51}},"38":{"start":{"line":105,"column":12},"end":{"line":105,"column":63}},"39":{"start":{"line":113,"column":4},"end":{"line":113,"column":29}},"40":{"start":{"line":13,"column":13},"end":{"line":117,"column":null}},"41":{"start":{"line":13,"column":13},"end":{"line":13,"column":36}}},"fnMap":{"0":{"name":"(anonymous_0)","decl":{"start":{"line":23,"column":2},"end":{"line":23,"column":22}},"loc":{"start":{"line":23,"column":117},"end":{"line":23,"column":122}}},"1":{"name":"(anonymous_1)","decl":{"start":{"line":26,"column":2},"end":{"line":26,"column":10}},"loc":{"start":{"line":26,"column":10},"end":{"line":39,"column":3}}},"2":{"name":"(anonymous_2)","decl":{"start":{"line":28,"column":12},"end":{"line":28,"column":13}},"loc":{"start":{"line":28,"column":21},"end":{"line":33,"column":7}}},"3":{"name":"(anonymous_3)","decl":{"start":{"line":34,"column":13},"end":{"line":34,"column":14}},"loc":{"start":{"line":34,"column":21},"end":{"line":37,"column":7}}},"4":{"name":"(anonymous_4)","decl":{"start":{"line":41,"column":9},"end":{"line":41,"column":29}},"loc":{"start":{"line":41,"column":29},"end":{"line":47,"column":3}}},"5":{"name":"(anonymous_5)","decl":{"start":{"line":63,"column":9},"end":{"line":63,"column":15}},"loc":{"start":{"line":63,"column":15},"end":{"line":75,"column":3}}},"6":{"name":"(anonymous_6)","decl":{"start":{"line":65,"column":12},"end":{"line":65,"column":13}},"loc":{"start":{"line":65,"column":18},"end":{"line":69,"column":7}}},"7":{"name":"(anonymous_7)","decl":{"start":{"line":70,"column":13},"end":{"line":70,"column":14}},"loc":{"start":{"line":70,"column":19},"end":{"line":73,"column":7}}},"8":{"name":"(anonymous_8)","decl":{"start":{"line":78,"column":9},"end":{"line":78,"column":17}},"loc":{"start":{"line":78,"column":17},"end":{"line":88,"column":3}}},"9":{"name":"(anonymous_9)","decl":{"start":{"line":80,"column":12},"end":{"line":80,"column":13}},"loc":{"start":{"line":80,"column":18},"end":{"line":82,"column":7}}},"10":{"name":"(anonymous_10)","decl":{"start":{"line":83,"column":13},"end":{"line":83,"column":14}},"loc":{"start":{"line":83,"column":19},"end":{"line":86,"column":7}}},"11":{"name":"(anonymous_11)","decl":{"start":{"line":91,"column":9},"end":{"line":91,"column":26}},"loc":{"start":{"line":91,"column":26},"end":{"line":110,"column":3}}},"12":{"name":"(anonymous_12)","decl":{"start":{"line":92,"column":73},"end":{"line":92,"column":74}},"loc":{"start":{"line":92,"column":86},"end":{"line":109,"column":5}}},"13":{"name":"(anonymous_13)","decl":{"start":{"line":94,"column":43},"end":{"line":94,"column":44}},"loc":{"start":{"line":94,"column":76},"end":{"line":107,"column":9}}},"14":{"name":"(anonymous_14)","decl":{"start":{"line":112,"column":2},"end":{"line":112,"column":10}},"loc":{"start":{"line":112,"column":10},"end":{"line":114,"column":3}}}},"branchMap":{"0":{"loc":{"start":{"line":42,"column":4},"end":{"line":46,"column":null}},"type":"if","locations":[{"start":{"line":42,"column":4},"end":{"line":46,"column":null}},{"start":{"line":44,"column":11},"end":{"line":46,"column":null}}]},"1":{"loc":{"start":{"line":95,"column":10},"end":{"line":106,"column":null}},"type":"if","locations":[{"start":{"line":95,"column":10},"end":{"line":106,"column":null}}]}},"s":{"0":1,"1":1,"2":1,"3":1,"4":7,"5":7,"6":7,"7":7,"8":7,"9":7,"10":7,"11":7,"12":7,"13":1,"14":1,"15":0,"16":0,"17":2,"18":1,"19":1,"20":1,"21":1,"22":1,"23":1,"24":0,"25":0,"26":1,"27":1,"28":0,"29":0,"30":1,"31":1,"32":1,"33":0,"34":0,"35":0,"36":0,"37":0,"38":0,"39":1,"40":1,"41":1},"f":{"0":7,"1":1,"2":1,"3":0,"4":2,"5":1,"6":1,"7":0,"8":1,"9":1,"10":0,"11":1,"12":1,"13":0,"14":1},"b":{"0":[1,1],"1":[0]}}
,"C:\\Users\\Claudiu-PC\\Documents\\GitHub\\proiect-inginerie-software-blonde-bears\\frontend\\src\\app\\components\\friends-tab\\friends-tab.component.ts": {"path":"C:\\Users\\Claudiu-PC\\Documents\\GitHub\\proiect-inginerie-software-blonde-bears\\frontend\\src\\app\\components\\friends-tab\\friends-tab.component.ts","statementMap":{"0":{"start":{"line":1,"column":0},"end":{"line":1,"column":55}},"1":{"start":{"line":2,"column":0},"end":{"line":2,"column":58}},"2":{"start":{"line":16,"column":22},"end":{"line":16,"column":48}},"3":{"start":{"line":13,"column":9},"end":{"line":13,"column":30}},"4":{"start":{"line":15,"column":11},"end":{"line":15,"column":null}},"5":{"start":{"line":19,"column":4},"end":{"line":21,"column":7}},"6":{"start":{"line":20,"column":6},"end":{"line":20,"column":29}},"7":{"start":{"line":25,"column":4},"end":{"line":25,"column":39}},"8":{"start":{"line":26,"column":4},"end":{"line":38,"column":7}},"9":{"start":{"line":28,"column":8},"end":{"line":31,"column":null}},"10":{"start":{"line":29,"column":10},"end":{"line":29,"column":43}},"11":{"start":{"line":30,"column":10},"end":{"line":30,"column":17}},"12":{"start":{"line":33,"column":8},"end":{"line":33,"column":33}},"13":{"start":{"line":36,"column":8},"end":{"line":36,"column":58}},"14":{"start":{"line":42,"column":4},"end":{"line":44,"column":7}},"15":{"start":{"line":43,"column":6},"end":{"line":43,"column":29}},"16":{"start":{"line":48,"column":4},"end":{"line":48,"column":59}},"17":{"start":{"line":48,"column":33},"end":{"line":48,"column":38}},"18":{"start":{"line":11,"column":13},"end":{"line":50,"column":null}},"19":{"start":{"line":11,"column":13},"end":{"line":11,"column":32}}},"fnMap":{"0":{"name":"(anonymous_0)","decl":{"start":{"line":16,"column":2},"end":{"line":16,"column":22}},"loc":{"start":{"line":16,"column":48},"end":{"line":16,"column":52}}},"1":{"name":"(anonymous_1)","decl":{"start":{"line":18,"column":9},"end":{"line":18,"column":17}},"loc":{"start":{"line":18,"column":17},"end":{"line":22,"column":3}}},"2":{"name":"(anonymous_2)","decl":{"start":{"line":19,"column":45},"end":{"line":19,"column":46}},"loc":{"start":{"line":19,"column":65},"end":{"line":21,"column":5}}},"3":{"name":"(anonymous_3)","decl":{"start":{"line":24,"column":9},"end":{"line":24,"column":19}},"loc":{"start":{"line":24,"column":33},"end":{"line":39,"column":3}}},"4":{"name":"(anonymous_4)","decl":{"start":{"line":27,"column":12},"end":{"line":27,"column":13}},"loc":{"start":{"line":27,"column":29},"end":{"line":34,"column":7}}},"5":{"name":"(anonymous_5)","decl":{"start":{"line":35,"column":13},"end":{"line":35,"column":16}},"loc":{"start":{"line":35,"column":18},"end":{"line":37,"column":7}}},"6":{"name":"(anonymous_6)","decl":{"start":{"line":41,"column":9},"end":{"line":41,"column":24}},"loc":{"start":{"line":41,"column":24},"end":{"line":45,"column":3}}},"7":{"name":"(anonymous_7)","decl":{"start":{"line":42,"column":45},"end":{"line":42,"column":46}},"loc":{"start":{"line":42,"column":65},"end":{"line":44,"column":5}}},"8":{"name":"(anonymous_8)","decl":{"start":{"line":47,"column":9},"end":{"line":47,"column":23}},"loc":{"start":{"line":47,"column":34},"end":{"line":49,"column":3}}},"9":{"name":"(anonymous_9)","decl":{"start":{"line":48,"column":28},"end":{"line":48,"column":29}},"loc":{"start":{"line":48,"column":33},"end":{"line":48,"column":38}}}},"branchMap":{"0":{"loc":{"start":{"line":28,"column":8},"end":{"line":31,"column":null}},"type":"if","locations":[{"start":{"line":28,"column":8},"end":{"line":31,"column":null}}]}},"s":{"0":1,"1":1,"2":6,"3":6,"4":6,"5":1,"6":1,"7":1,"8":1,"9":1,"10":1,"11":1,"12":0,"13":0,"14":1,"15":1,"16":2,"17":1,"18":1,"19":1},"f":{"0":6,"1":1,"2":1,"3":1,"4":1,"5":0,"6":1,"7":1,"8":2,"9":1},"b":{"0":[1]}}
,"C:\\Users\\Claudiu-PC\\Documents\\GitHub\\proiect-inginerie-software-blonde-bears\\frontend\\src\\app\\components\\home-tab\\home-tab.component.ts": {"path":"C:\\Users\\Claudiu-PC\\Documents\\GitHub\\proiect-inginerie-software-blonde-bears\\frontend\\src\\app\\components\\home-tab\\home-tab.component.ts","statementMap":{"0":{"start":{"line":1,"column":0},"end":{"line":1,"column":100}},"1":{"start":{"line":2,"column":0},"end":{"line":2,"column":48}},"2":{"start":{"line":5,"column":0},"end":{"line":5,"column":58}},"3":{"start":{"line":10,"column":0},"end":{"line":10,"column":54}},"4":{"start":{"line":12,"column":0},"end":{"line":12,"column":41}},"5":{"start":{"line":37,"column":22},"end":{"line":37,"column":47}},"6":{"start":{"line":38,"column":22},"end":{"line":38,"column":44}},"7":{"start":{"line":39,"column":22},"end":{"line":39,"column":44}},"8":{"start":{"line":40,"column":22},"end":{"line":40,"column":49}},"9":{"start":{"line":22,"column":2},"end":{"line":22,"column":31}},"10":{"start":{"line":24,"column":2},"end":{"line":34,"column":4}},"11":{"start":{"line":46,"column":12},"end":{"line":46,"column":null}},"12":{"start":{"line":41,"column":4},"end":{"line":43,"column":7}},"13":{"start":{"line":42,"column":6},"end":{"line":42,"column":31}},"14":{"start":{"line":49,"column":4},"end":{"line":49,"column":42}},"15":{"start":{"line":53,"column":4},"end":{"line":61,"column":null}},"16":{"start":{"line":54,"column":19},"end":{"line":54,"column":40}},"17":{"start":{"line":55,"column":51},"end":{"line":55,"column":53}},"18":{"start":{"line":56,"column":6},"end":{"line":56,"column":38}},"19":{"start":{"line":57,"column":6},"end":{"line":59,"column":null}},"20":{"start":{"line":58,"column":8},"end":{"line":58,"column":25}},"21":{"start":{"line":60,"column":6},"end":{"line":60,"column":25}},"22":{"start":{"line":62,"column":4},"end":{"line":62,"column":14}},"23":{"start":{"line":66,"column":17},"end":{"line":66,"column":39}},"24":{"start":{"line":67,"column":4},"end":{"line":67,"column":25}},"25":{"start":{"line":71,"column":4},"end":{"line":79,"column":null}},"26":{"start":{"line":72,"column":19},"end":{"line":72,"column":40}},"27":{"start":{"line":73,"column":45},"end":{"line":73,"column":47}},"28":{"start":{"line":74,"column":6},"end":{"line":74,"column":26}},"29":{"start":{"line":75,"column":6},"end":{"line":77,"column":null}},"30":{"start":{"line":76,"column":8},"end":{"line":76,"column":19}},"31":{"start":{"line":78,"column":6},"end":{"line":78,"column":19}},"32":{"start":{"line":80,"column":4},"end":{"line":80,"column":14}},"33":{"start":{"line":84,"column":17},"end":{"line":84,"column":26}},"34":{"start":{"line":85,"column":4},"end":{"line":85,"column":24}},"35":{"start":{"line":89,"column":4},"end":{"line":99,"column":null}},"36":{"start":{"line":90,"column":19},"end":{"line":90,"column":40}},"37":{"start":{"line":91,"column":26},"end":{"line":91,"column":43}},"38":{"start":{"line":92,"column":29},"end":{"line":92,"column":32}},"39":{"start":{"line":93,"column":6},"end":{"line":95,"column":null}},"40":{"start":{"line":94,"column":8},"end":{"line":94,"column":55}},"41":{"start":{"line":96,"column":6},"end":{"line":96,"column":22}},"42":{"start":{"line":98,"column":6},"end":{"line":98,"column":17}},"43":{"start":{"line":103,"column":4},"end":{"line":103,"column":47}},"44":{"start":{"line":107,"column":4},"end":{"line":116,"column":null}},"45":{"start":{"line":108,"column":26},"end":{"line":108,"column":38}},"46":{"start":{"line":109,"column":6},"end":{"line":115,"column":null}},"47":{"start":{"line":110,"column":10},"end":{"line":113,"column":null}},"48":{"start":{"line":120,"column":17},"end":{"line":120,"column":38}},"49":{"start":{"line":122,"column":4},"end":{"line":145,"column":null}},"50":{"start":{"line":123,"column":49},"end":{"line":125,"column":null}},"51":{"start":{"line":127,"column":6},"end":{"line":144,"column":9}},"52":{"start":{"line":128,"column":8},"end":{"line":128,"column":30}},"53":{"start":{"line":129,"column":8},"end":{"line":143,"column":10}},"54":{"start":{"line":130,"column":12},"end":{"line":141,"column":null}},"55":{"start":{"line":131,"column":14},"end":{"line":131,"column":38}},"56":{"start":{"line":132,"column":14},"end":{"line":132,"column":59}},"57":{"start":{"line":134,"column":14},"end":{"line":134,"column":77}},"58":{"start":{"line":136,"column":14},"end":{"line":136,"column":79}},"59":{"start":{"line":138,"column":14},"end":{"line":138,"column":53}},"60":{"start":{"line":140,"column":14},"end":{"line":140,"column":65}},"61":{"start":{"line":150,"column":4},"end":{"line":150,"column":29}},"62":{"start":{"line":151,"column":4},"end":{"line":151,"column":22}},"63":{"start":{"line":155,"column":4},"end":{"line":155,"column":37}},"64":{"start":{"line":20,"column":13},"end":{"line":157,"column":null}},"65":{"start":{"line":20,"column":13},"end":{"line":20,"column":29}}},"fnMap":{"0":{"name":"(anonymous_0)","decl":{"start":{"line":37,"column":2},"end":{"line":37,"column":22}},"loc":{"start":{"line":40,"column":49},"end":{"line":44,"column":3}}},"1":{"name":"(anonymous_1)","decl":{"start":{"line":41,"column":65},"end":{"line":41,"column":68}},"loc":{"start":{"line":41,"column":70},"end":{"line":43,"column":5}}},"2":{"name":"(anonymous_2)","decl":{"start":{"line":48,"column":2},"end":{"line":48,"column":13}},"loc":{"start":{"line":48,"column":23},"end":{"line":50,"column":3}}},"3":{"name":"(anonymous_3)","decl":{"start":{"line":52,"column":2},"end":{"line":52,"column":13}},"loc":{"start":{"line":52,"column":27},"end":{"line":63,"column":3}}},"4":{"name":"(anonymous_4)","decl":{"start":{"line":65,"column":2},"end":{"line":65,"column":13}},"loc":{"start":{"line":65,"column":30},"end":{"line":68,"column":3}}},"5":{"name":"(anonymous_5)","decl":{"start":{"line":70,"column":2},"end":{"line":70,"column":13}},"loc":{"start":{"line":70,"column":21},"end":{"line":81,"column":3}}},"6":{"name":"(anonymous_6)","decl":{"start":{"line":83,"column":15},"end":{"line":83,"column":22}},"loc":{"start":{"line":83,"column":22},"end":{"line":86,"column":null}}},"7":{"name":"(anonymous_8)","decl":{"start":{"line":88,"column":2},"end":{"line":88,"column":13}},"loc":{"start":{"line":88,"column":24},"end":{"line":100,"column":3}}},"8":{"name":"(anonymous_9)","decl":{"start":{"line":102,"column":9},"end":{"line":102,"column":30}},"loc":{"start":{"line":102,"column":51},"end":{"line":104,"column":3}}},"9":{"name":"(anonymous_10)","decl":{"start":{"line":106,"column":9},"end":{"line":106,"column":19}},"loc":{"start":{"line":106,"column":19},"end":{"line":117,"column":3}}},"10":{"name":"(anonymous_11)","decl":{"start":{"line":107,"column":44},"end":{"line":107,"column":45}},"loc":{"start":{"line":107,"column":56},"end":{"line":116,"column":5}}},"11":{"name":"(anonymous_12)","decl":{"start":{"line":109,"column":26},"end":{"line":109,"column":27}},"loc":{"start":{"line":109,"column":50},"end":{"line":114,"column":9}}},"12":{"name":"(anonymous_13)","decl":{"start":{"line":119,"column":9},"end":{"line":119,"column":26}},"loc":{"start":{"line":119,"column":26},"end":{"line":146,"column":3}}},"13":{"name":"(anonymous_14)","decl":{"start":{"line":127,"column":69},"end":{"line":127,"column":70}},"loc":{"start":{"line":127,"column":82},"end":{"line":144,"column":7}}},"14":{"name":"(anonymous_15)","decl":{"start":{"line":129,"column":45},"end":{"line":129,"column":46}},"loc":{"start":{"line":129,"column":78},"end":{"line":142,"column":11}}},"15":{"name":"(anonymous_16)","decl":{"start":{"line":149,"column":2},"end":{"line":149,"column":10}},"loc":{"start":{"line":149,"column":10},"end":{"line":152,"column":3}}},"16":{"name":"(anonymous_17)","decl":{"start":{"line":154,"column":2},"end":{"line":154,"column":13}},"loc":{"start":{"line":154,"column":13},"end":{"line":156,"column":3}}}},"branchMap":{"0":{"loc":{"start":{"line":53,"column":4},"end":{"line":61,"column":null}},"type":"if","locations":[{"start":{"line":53,"column":4},"end":{"line":61,"column":null}}]},"1":{"loc":{"start":{"line":56,"column":20},"end":{"line":56,"column":37}},"type":"cond-expr","locations":[{"start":{"line":56,"column":24},"end":{"line":56,"column":26}},{"start":{"line":56,"column":20},"end":{"line":56,"column":37}}]},"2":{"loc":{"start":{"line":56,"column":20},"end":{"line":56,"column":26}},"type":"binary-expr","locations":[{"start":{"line":56,"column":20},"end":{"line":56,"column":26}},{"start":{"line":56,"column":20},"end":{"line":56,"column":26}}]},"3":{"loc":{"start":{"line":57,"column":6},"end":{"line":59,"column":null}},"type":"if","locations":[{"start":{"line":57,"column":6},"end":{"line":59,"column":null}}]},"4":{"loc":{"start":{"line":71,"column":4},"end":{"line":79,"column":null}},"type":"if","locations":[{"start":{"line":71,"column":4},"end":{"line":79,"column":null}}]},"5":{"loc":{"start":{"line":74,"column":14},"end":{"line":74,"column":25}},"type":"cond-expr","locations":[{"start":{"line":74,"column":18},"end":{"line":74,"column":20}},{"start":{"line":74,"column":14},"end":{"line":74,"column":25}}]},"6":{"loc":{"start":{"line":74,"column":14},"end":{"line":74,"column":20}},"type":"binary-expr","locations":[{"start":{"line":74,"column":14},"end":{"line":74,"column":20}},{"start":{"line":74,"column":14},"end":{"line":74,"column":20}}]},"7":{"loc":{"start":{"line":75,"column":6},"end":{"line":77,"column":null}},"type":"if","locations":[{"start":{"line":75,"column":6},"end":{"line":77,"column":null}}]},"8":{"loc":{"start":{"line":89,"column":4},"end":{"line":99,"column":null}},"type":"if","locations":[{"start":{"line":89,"column":4},"end":{"line":99,"column":null}},{"start":{"line":97,"column":11},"end":{"line":99,"column":null}}]},"9":{"loc":{"start":{"line":91,"column":26},"end":{"line":91,"column":43}},"type":"cond-expr","locations":[{"start":{"line":91,"column":30},"end":{"line":91,"column":32}},{"start":{"line":91,"column":26},"end":{"line":91,"column":43}}]},"10":{"loc":{"start":{"line":91,"column":26},"end":{"line":91,"column":32}},"type":"binary-expr","locations":[{"start":{"line":91,"column":26},"end":{"line":91,"column":32}},{"start":{"line":91,"column":26},"end":{"line":91,"column":32}}]},"11":{"loc":{"start":{"line":93,"column":6},"end":{"line":95,"column":null}},"type":"if","locations":[{"start":{"line":93,"column":6},"end":{"line":95,"column":null}}]},"12":{"loc":{"start":{"line":122,"column":4},"end":{"line":145,"column":null}},"type":"if","locations":[{"start":{"line":122,"column":4},"end":{"line":145,"column":null}}]},"13":{"loc":{"start":{"line":130,"column":12},"end":{"line":141,"column":null}},"type":"if","locations":[{"start":{"line":130,"column":12},"end":{"line":141,"column":null}}]}},"s":{"0":1,"1":1,"2":1,"3":1,"4":1,"5":4,"6":4,"7":4,"8":4,"9":4,"10":4,"11":4,"12":4,"13":0,"14":0,"15":0,"16":0,"17":0,"18":0,"19":0,"20":0,"21":0,"22":0,"23":0,"24":0,"25":0,"26":0,"27":0,"28":0,"29":0,"30":0,"31":0,"32":0,"33":0,"34":0,"35":0,"36":0,"37":0,"38":0,"39":0,"40":0,"41":0,"42":0,"43":0,"44":2,"45":2,"46":2,"47":2,"48":0,"49":0,"50":0,"51":0,"52":0,"53":0,"54":0,"55":0,"56":0,"57":0,"58":0,"59":0,"60":0,"61":1,"62":1,"63":1,"64":1,"65":1},"f":{"0":4,"1":0,"2":0,"3":0,"4":0,"5":0,"6":0,"7":0,"8":0,"9":2,"10":2,"11":2,"12":0,"13":0,"14":0,"15":1,"16":1},"b":{"0":[0],"1":[0,0],"2":[0,0],"3":[0],"4":[0],"5":[0,0],"6":[0,0],"7":[0],"8":[0,0],"9":[0,0],"10":[0,0],"11":[0],"12":[0],"13":[0]}}
}
