TN:
SF:src\app\components\check-in\check-in.component.ts
FN:31,(anonymous_0)
FN:29,(anonymous_1)
FN:39,(anonymous_2)
FN:43,(anonymous_3)
FN:58,(anonymous_4)
FNF:5
FNH:1
FNDA:2,(anonymous_0)
FNDA:0,(anonymous_1)
FNDA:0,(anonymous_2)
FNDA:0,(anonymous_3)
FNDA:0,(anonymous_4)
DA:1,1
DA:2,1
DA:3,1
DA:5,1
DA:6,1
DA:8,1
DA:17,1
DA:19,2
DA:21,2
DA:22,2
DA:24,2
DA:32,2
DA:33,2
DA:34,2
DA:37,2
DA:40,0
DA:42,0
DA:43,0
DA:44,0
DA:45,0
DA:47,0
DA:53,0
DA:54,0
DA:55,0
DA:56,0
DA:57,0
DA:58,0
DA:59,0
DA:60,0
DA:61,0
DA:62,0
LF:31
LH:15
BRDA:42,0,0,0
BRF:1
BRH:0
end_of_record
TN:
SF:src\app\components\friend-list-item\friend-list-item.component.ts
FN:23,(anonymous_0)
FN:26,(anonymous_1)
FN:28,(anonymous_2)
FN:34,(anonymous_3)
FN:41,(anonymous_4)
FN:63,(anonymous_5)
FN:65,(anonymous_6)
FN:70,(anonymous_7)
FN:78,(anonymous_8)
FN:80,(anonymous_9)
FN:83,(anonymous_10)
FN:91,(anonymous_11)
FN:92,(anonymous_12)
FN:94,(anonymous_13)
FN:112,(anonymous_14)
FNF:15
FNH:11
FNDA:7,(anonymous_0)
FNDA:1,(anonymous_1)
FNDA:1,(anonymous_2)
FNDA:0,(anonymous_3)
FNDA:2,(anonymous_4)
FNDA:1,(anonymous_5)
FNDA:1,(anonymous_6)
FNDA:0,(anonymous_7)
FNDA:1,(anonymous_8)
FNDA:1,(anonymous_9)
FNDA:0,(anonymous_10)
FNDA:1,(anonymous_11)
FNDA:1,(anonymous_12)
FNDA:0,(anonymous_13)
FNDA:1,(anonymous_14)
DA:1,1
DA:4,1
DA:5,1
DA:6,1
DA:13,1
DA:15,7
DA:16,7
DA:17,7
DA:18,7
DA:23,7
DA:27,1
DA:29,1
DA:35,0
DA:36,0
DA:42,2
DA:43,1
DA:45,1
DA:49,7
DA:51,7
DA:64,1
DA:66,1
DA:67,1
DA:68,1
DA:71,0
DA:72,0
DA:79,1
DA:81,1
DA:84,0
DA:85,0
DA:92,1
DA:93,1
DA:94,1
DA:95,0
DA:97,0
DA:99,0
DA:101,0
DA:103,0
DA:105,0
DA:113,1
LF:39
LH:27
BRDA:42,0,0,1
BRDA:42,0,1,1
BRDA:95,1,0,0
BRF:3
BRH:2
end_of_record
TN:
SF:src\app\components\friends-tab\friends-tab.component.ts
FN:16,(anonymous_0)
FN:18,(anonymous_1)
FN:19,(anonymous_2)
FN:24,(anonymous_3)
FN:27,(anonymous_4)
FN:35,(anonymous_5)
FN:41,(anonymous_6)
FN:42,(anonymous_7)
FN:47,(anonymous_8)
FN:48,(anonymous_9)
FNF:10
FNH:9
FNDA:6,(anonymous_0)
FNDA:1,(anonymous_1)
FNDA:1,(anonymous_2)
FNDA:1,(anonymous_3)
FNDA:1,(anonymous_4)
FNDA:0,(anonymous_5)
FNDA:1,(anonymous_6)
FNDA:1,(anonymous_7)
FNDA:2,(anonymous_8)
FNDA:1,(anonymous_9)
DA:1,1
DA:2,1
DA:11,1
DA:13,6
DA:15,6
DA:16,6
DA:19,1
DA:20,1
DA:25,1
DA:26,1
DA:28,1
DA:29,1
DA:30,1
DA:33,0
DA:36,0
DA:42,1
DA:43,1
DA:48,2
LF:18
LH:16
BRDA:28,0,0,1
BRF:1
BRH:1
end_of_record
TN:
SF:src\app\components\home-tab\home-tab.component.ts
FN:37,(anonymous_0)
FN:41,(anonymous_1)
FN:48,(anonymous_2)
FN:52,(anonymous_3)
FN:65,(anonymous_4)
FN:70,(anonymous_5)
FN:83,(anonymous_6)
FN:88,(anonymous_8)
FN:102,(anonymous_9)
FN:106,(anonymous_10)
FN:107,(anonymous_11)
FN:109,(anonymous_12)
FN:119,(anonymous_13)
FN:127,(anonymous_14)
FN:129,(anonymous_15)
FN:149,(anonymous_16)
FN:154,(anonymous_17)
FNF:17
FNH:6
FNDA:4,(anonymous_0)
FNDA:0,(anonymous_1)
FNDA:0,(anonymous_2)
FNDA:0,(anonymous_3)
FNDA:0,(anonymous_4)
FNDA:0,(anonymous_5)
FNDA:0,(anonymous_6)
FNDA:0,(anonymous_8)
FNDA:0,(anonymous_9)
FNDA:2,(anonymous_10)
FNDA:2,(anonymous_11)
FNDA:2,(anonymous_12)
FNDA:0,(anonymous_13)
FNDA:0,(anonymous_14)
FNDA:0,(anonymous_15)
FNDA:1,(anonymous_16)
FNDA:1,(anonymous_17)
DA:1,1
DA:2,1
DA:5,1
DA:10,1
DA:12,1
DA:20,1
DA:22,4
DA:24,4
DA:37,4
DA:38,4
DA:39,4
DA:40,4
DA:41,4
DA:42,0
DA:46,4
DA:49,0
DA:53,0
DA:54,0
DA:55,0
DA:56,0
DA:57,0
DA:58,0
DA:60,0
DA:62,0
DA:66,0
DA:67,0
DA:71,0
DA:72,0
DA:73,0
DA:74,0
DA:75,0
DA:76,0
DA:78,0
DA:80,0
DA:84,0
DA:85,0
DA:89,0
DA:90,0
DA:91,0
DA:92,0
DA:93,0
DA:94,0
DA:96,0
DA:98,0
DA:103,0
DA:107,2
DA:108,2
DA:109,2
DA:110,2
DA:120,0
DA:122,0
DA:123,0
DA:127,0
DA:128,0
DA:129,0
DA:130,0
DA:131,0
DA:132,0
DA:134,0
DA:136,0
DA:138,0
DA:140,0
DA:150,1
DA:151,1
DA:155,1
LF:65
LH:21
BRDA:53,0,0,0
BRDA:56,1,0,0
BRDA:56,1,1,0
BRDA:56,2,0,0
BRDA:56,2,1,0
BRDA:57,3,0,0
BRDA:71,4,0,0
BRDA:74,5,0,0
BRDA:74,5,1,0
BRDA:74,6,0,0
BRDA:74,6,1,0
BRDA:75,7,0,0
BRDA:89,8,0,0
BRDA:89,8,1,0
BRDA:91,9,0,0
BRDA:91,9,1,0
BRDA:91,10,0,0
BRDA:91,10,1,0
BRDA:93,11,0,0
BRDA:122,12,0,0
BRDA:130,13,0,0
BRF:21
BRH:0
end_of_record
